{"/Users/brandonnguyen/Documents/Projects/img_carousel/photo_carousel/client/components/App.jsx": {"path":"/Users/brandonnguyen/Documents/Projects/img_carousel/photo_carousel/client/components/App.jsx","statementMap":{"0":{"start":{"line":8,"column":28},"end":{"line":13,"column":1}},"1":{"start":{"line":15,"column":29},"end":{"line":26,"column":1}},"2":{"start":{"line":30,"column":4},"end":{"line":30,"column":17}},"3":{"start":{"line":32,"column":20},"end":{"line":32,"column":25}},"4":{"start":{"line":34,"column":4},"end":{"line":40,"column":6}},"5":{"start":{"line":42,"column":4},"end":{"line":42,"column":43}},"6":{"start":{"line":43,"column":4},"end":{"line":43,"column":49}},"7":{"start":{"line":47,"column":4},"end":{"line":47,"column":19}},"8":{"start":{"line":51,"column":23},"end":{"line":51,"column":33}},"9":{"start":{"line":52,"column":4},"end":{"line":58,"column":38}},"10":{"start":{"line":53,"column":26},"end":{"line":57,"column":8}},"11":{"start":{"line":58,"column":24},"end":{"line":58,"column":34}},"12":{"start":{"line":62,"column":30},"end":{"line":62,"column":40}},"13":{"start":{"line":63,"column":20},"end":{"line":63,"column":49}},"14":{"start":{"line":64,"column":4},"end":{"line":84,"column":5}},"15":{"start":{"line":65,"column":6},"end":{"line":73,"column":7}},"16":{"start":{"line":66,"column":8},"end":{"line":68,"column":11}},"17":{"start":{"line":70,"column":8},"end":{"line":72,"column":11}},"18":{"start":{"line":74,"column":11},"end":{"line":84,"column":5}},"19":{"start":{"line":75,"column":6},"end":{"line":83,"column":7}},"20":{"start":{"line":76,"column":8},"end":{"line":78,"column":11}},"21":{"start":{"line":80,"column":8},"end":{"line":82,"column":11}},"22":{"start":{"line":90,"column":8},"end":{"line":90,"column":18}},"23":{"start":{"line":92,"column":4},"end":{"line":96,"column":5}},"24":{"start":{"line":93,"column":6},"end":{"line":95,"column":8}},"25":{"start":{"line":98,"column":4},"end":{"line":114,"column":6}},"26":{"start":{"line":120,"column":0},"end":{"line":122,"column":2}}},"fnMap":{"0":{"name":"(anonymous_0)","decl":{"start":{"line":29,"column":2},"end":{"line":29,"column":3}},"loc":{"start":{"line":29,"column":21},"end":{"line":44,"column":3}},"line":29},"1":{"name":"(anonymous_1)","decl":{"start":{"line":46,"column":2},"end":{"line":46,"column":3}},"loc":{"start":{"line":46,"column":22},"end":{"line":48,"column":3}},"line":46},"2":{"name":"(anonymous_2)","decl":{"start":{"line":50,"column":2},"end":{"line":50,"column":3}},"loc":{"start":{"line":50,"column":12},"end":{"line":59,"column":3}},"line":50},"3":{"name":"(anonymous_3)","decl":{"start":{"line":53,"column":12},"end":{"line":53,"column":13}},"loc":{"start":{"line":53,"column":26},"end":{"line":57,"column":8}},"line":53},"4":{"name":"(anonymous_4)","decl":{"start":{"line":58,"column":13},"end":{"line":58,"column":14}},"loc":{"start":{"line":58,"column":22},"end":{"line":58,"column":36}},"line":58},"5":{"name":"(anonymous_5)","decl":{"start":{"line":61,"column":2},"end":{"line":61,"column":3}},"loc":{"start":{"line":61,"column":24},"end":{"line":85,"column":3}},"line":61},"6":{"name":"(anonymous_6)","decl":{"start":{"line":87,"column":2},"end":{"line":87,"column":3}},"loc":{"start":{"line":87,"column":11},"end":{"line":115,"column":3}},"line":87}},"branchMap":{"0":{"loc":{"start":{"line":64,"column":4},"end":{"line":84,"column":5}},"type":"if","locations":[{"start":{"line":64,"column":4},"end":{"line":84,"column":5}},{"start":{"line":64,"column":4},"end":{"line":84,"column":5}}],"line":64},"1":{"loc":{"start":{"line":65,"column":6},"end":{"line":73,"column":7}},"type":"if","locations":[{"start":{"line":65,"column":6},"end":{"line":73,"column":7}},{"start":{"line":65,"column":6},"end":{"line":73,"column":7}}],"line":65},"2":{"loc":{"start":{"line":74,"column":11},"end":{"line":84,"column":5}},"type":"if","locations":[{"start":{"line":74,"column":11},"end":{"line":84,"column":5}},{"start":{"line":74,"column":11},"end":{"line":84,"column":5}}],"line":74},"3":{"loc":{"start":{"line":75,"column":6},"end":{"line":83,"column":7}},"type":"if","locations":[{"start":{"line":75,"column":6},"end":{"line":83,"column":7}},{"start":{"line":75,"column":6},"end":{"line":83,"column":7}}],"line":75},"4":{"loc":{"start":{"line":92,"column":4},"end":{"line":96,"column":5}},"type":"if","locations":[{"start":{"line":92,"column":4},"end":{"line":96,"column":5}},{"start":{"line":92,"column":4},"end":{"line":96,"column":5}}],"line":92}},"s":{"0":1,"1":1,"2":1,"3":1,"4":1,"5":1,"6":1,"7":1,"8":1,"9":1,"10":0,"11":0,"12":0,"13":0,"14":0,"15":0,"16":0,"17":0,"18":0,"19":0,"20":0,"21":0,"22":1,"23":1,"24":1,"25":0,"26":1},"f":{"0":1,"1":1,"2":1,"3":0,"4":0,"5":0,"6":1},"b":{"0":[0,0],"1":[0,0],"2":[0,0],"3":[0,0],"4":[1,0]},"_coverageSchema":"1a1c01bbd47fc00a2c39e90264f33305004495a9","hash":"32b7ef90aa4b1990bfd99d61b0d9d58a7e1bcd63"}
,"/Users/brandonnguyen/Documents/Projects/img_carousel/photo_carousel/client/components/Banner.jsx": {"path":"/Users/brandonnguyen/Documents/Projects/img_carousel/photo_carousel/client/components/Banner.jsx","statementMap":{"0":{"start":{"line":5,"column":25},"end":{"line":12,"column":1}},"1":{"start":{"line":14,"column":22},"end":{"line":26,"column":1}},"2":{"start":{"line":28,"column":25},"end":{"line":38,"column":3}},"3":{"start":{"line":40,"column":28},"end":{"line":69,"column":1}},"4":{"start":{"line":71,"column":25},"end":{"line":76,"column":1}},"5":{"start":{"line":78,"column":26},"end":{"line":83,"column":1}},"6":{"start":{"line":86,"column":4},"end":{"line":86,"column":17}},"7":{"start":{"line":88,"column":4},"end":{"line":88,"column":51}},"8":{"start":{"line":92,"column":26},"end":{"line":92,"column":36}},"9":{"start":{"line":93,"column":4},"end":{"line":93,"column":25}},"10":{"start":{"line":97,"column":30},"end":{"line":97,"column":40}},"11":{"start":{"line":98,"column":4},"end":{"line":125,"column":6}},"12":{"start":{"line":102,"column":25},"end":{"line":102,"column":50}},"13":{"start":{"line":113,"column":25},"end":{"line":113,"column":49}},"14":{"start":{"line":131,"column":0},"end":{"line":135,"column":2}}},"fnMap":{"0":{"name":"(anonymous_0)","decl":{"start":{"line":85,"column":2},"end":{"line":85,"column":3}},"loc":{"start":{"line":85,"column":21},"end":{"line":89,"column":3}},"line":85},"1":{"name":"(anonymous_1)","decl":{"start":{"line":91,"column":2},"end":{"line":91,"column":3}},"loc":{"start":{"line":91,"column":25},"end":{"line":94,"column":3}},"line":91},"2":{"name":"(anonymous_2)","decl":{"start":{"line":96,"column":2},"end":{"line":96,"column":3}},"loc":{"start":{"line":96,"column":11},"end":{"line":126,"column":3}},"line":96},"3":{"name":"(anonymous_3)","decl":{"start":{"line":102,"column":19},"end":{"line":102,"column":20}},"loc":{"start":{"line":102,"column":25},"end":{"line":102,"column":50}},"line":102},"4":{"name":"(anonymous_4)","decl":{"start":{"line":113,"column":19},"end":{"line":113,"column":20}},"loc":{"start":{"line":113,"column":25},"end":{"line":113,"column":49}},"line":113}},"branchMap":{},"s":{"0":1,"1":1,"2":1,"3":1,"4":1,"5":1,"6":1,"7":1,"8":0,"9":0,"10":1,"11":1,"12":0,"13":0,"14":1},"f":{"0":1,"1":0,"2":1,"3":0,"4":0},"b":{},"_coverageSchema":"1a1c01bbd47fc00a2c39e90264f33305004495a9","hash":"2f18c74d3e455ea4e1d319196db7a94989aa2ada"}
,"/Users/brandonnguyen/Documents/Projects/img_carousel/photo_carousel/client/components/Carousel.jsx": {"path":"/Users/brandonnguyen/Documents/Projects/img_carousel/photo_carousel/client/components/Carousel.jsx","statementMap":{"0":{"start":{"line":6,"column":20},"end":{"line":16,"column":1}},"1":{"start":{"line":18,"column":29},"end":{"line":25,"column":1}},"2":{"start":{"line":29,"column":4},"end":{"line":29,"column":17}},"3":{"start":{"line":31,"column":4},"end":{"line":31,"column":20}},"4":{"start":{"line":37,"column":8},"end":{"line":37,"column":18}},"5":{"start":{"line":38,"column":4},"end":{"line":51,"column":6}},"6":{"start":{"line":42,"column":12},"end":{"line":47,"column":14}},"7":{"start":{"line":57,"column":0},"end":{"line":61,"column":2}}},"fnMap":{"0":{"name":"(anonymous_0)","decl":{"start":{"line":28,"column":2},"end":{"line":28,"column":3}},"loc":{"start":{"line":28,"column":21},"end":{"line":32,"column":3}},"line":28},"1":{"name":"(anonymous_1)","decl":{"start":{"line":34,"column":2},"end":{"line":34,"column":3}},"loc":{"start":{"line":34,"column":11},"end":{"line":52,"column":3}},"line":34},"2":{"name":"(anonymous_2)","decl":{"start":{"line":41,"column":23},"end":{"line":41,"column":24}},"loc":{"start":{"line":42,"column":12},"end":{"line":47,"column":14}},"line":42}},"branchMap":{},"s":{"0":1,"1":1,"2":1,"3":1,"4":1,"5":1,"6":1,"7":1},"f":{"0":1,"1":1,"2":1},"b":{},"_coverageSchema":"1a1c01bbd47fc00a2c39e90264f33305004495a9","hash":"1d35482edbae8fd65d69c8533a6955d265b2f47d"}
,"/Users/brandonnguyen/Documents/Projects/img_carousel/photo_carousel/client/components/CarouselEntry.jsx": {"path":"/Users/brandonnguyen/Documents/Projects/img_carousel/photo_carousel/client/components/CarouselEntry.jsx","statementMap":{"0":{"start":{"line":7,"column":22},"end":{"line":11,"column":1}},"1":{"start":{"line":13,"column":20},"end":{"line":15,"column":1}},"2":{"start":{"line":17,"column":14},"end":{"line":31,"column":1}},"3":{"start":{"line":29,"column":38},"end":{"line":29,"column":61}},"4":{"start":{"line":33,"column":21},"end":{"line":39,"column":1}},"5":{"start":{"line":41,"column":12},"end":{"line":47,"column":1}},"6":{"start":{"line":49,"column":16},"end":{"line":53,"column":1}},"7":{"start":{"line":54,"column":18},"end":{"line":63,"column":1}},"8":{"start":{"line":67,"column":4},"end":{"line":67,"column":17}},"9":{"start":{"line":69,"column":4},"end":{"line":72,"column":6}},"10":{"start":{"line":74,"column":4},"end":{"line":74,"column":49}},"11":{"start":{"line":75,"column":4},"end":{"line":75,"column":49}},"12":{"start":{"line":76,"column":4},"end":{"line":76,"column":51}},"13":{"start":{"line":77,"column":4},"end":{"line":77,"column":51}},"14":{"start":{"line":78,"column":4},"end":{"line":78,"column":57}},"15":{"start":{"line":82,"column":22},"end":{"line":82,"column":32}},"16":{"start":{"line":83,"column":4},"end":{"line":87,"column":5}},"17":{"start":{"line":84,"column":6},"end":{"line":84,"column":24}},"18":{"start":{"line":86,"column":6},"end":{"line":86,"column":28}},"19":{"start":{"line":91,"column":4},"end":{"line":91,"column":39}},"20":{"start":{"line":95,"column":4},"end":{"line":95,"column":40}},"21":{"start":{"line":99,"column":4},"end":{"line":99,"column":35}},"22":{"start":{"line":103,"column":4},"end":{"line":103,"column":36}},"23":{"start":{"line":111,"column":8},"end":{"line":111,"column":18}},"24":{"start":{"line":122,"column":8},"end":{"line":122,"column":13}},"25":{"start":{"line":124,"column":33},"end":{"line":124,"column":43}},"26":{"start":{"line":125,"column":4},"end":{"line":175,"column":6}},"27":{"start":{"line":181,"column":0},"end":{"line":194,"column":2}}},"fnMap":{"0":{"name":"(anonymous_0)","decl":{"start":{"line":29,"column":27},"end":{"line":29,"column":28}},"loc":{"start":{"line":29,"column":38},"end":{"line":29,"column":61}},"line":29},"1":{"name":"(anonymous_1)","decl":{"start":{"line":66,"column":2},"end":{"line":66,"column":3}},"loc":{"start":{"line":66,"column":21},"end":{"line":79,"column":3}},"line":66},"2":{"name":"(anonymous_2)","decl":{"start":{"line":81,"column":2},"end":{"line":81,"column":3}},"loc":{"start":{"line":81,"column":16},"end":{"line":88,"column":3}},"line":81},"3":{"name":"(anonymous_3)","decl":{"start":{"line":90,"column":2},"end":{"line":90,"column":3}},"loc":{"start":{"line":90,"column":15},"end":{"line":92,"column":3}},"line":90},"4":{"name":"(anonymous_4)","decl":{"start":{"line":94,"column":2},"end":{"line":94,"column":3}},"loc":{"start":{"line":94,"column":15},"end":{"line":96,"column":3}},"line":94},"5":{"name":"(anonymous_5)","decl":{"start":{"line":98,"column":2},"end":{"line":98,"column":3}},"loc":{"start":{"line":98,"column":16},"end":{"line":100,"column":3}},"line":98},"6":{"name":"(anonymous_6)","decl":{"start":{"line":102,"column":2},"end":{"line":102,"column":3}},"loc":{"start":{"line":102,"column":19},"end":{"line":104,"column":3}},"line":102},"7":{"name":"(anonymous_7)","decl":{"start":{"line":106,"column":2},"end":{"line":106,"column":3}},"loc":{"start":{"line":106,"column":11},"end":{"line":176,"column":3}},"line":106}},"branchMap":{"0":{"loc":{"start":{"line":83,"column":4},"end":{"line":87,"column":5}},"type":"if","locations":[{"start":{"line":83,"column":4},"end":{"line":87,"column":5}},{"start":{"line":83,"column":4},"end":{"line":87,"column":5}}],"line":83},"1":{"loc":{"start":{"line":167,"column":9},"end":{"line":173,"column":16}},"type":"cond-expr","locations":[{"start":{"line":168,"column":10},"end":{"line":172,"column":12}},{"start":{"line":173,"column":12},"end":{"line":173,"column":16}}],"line":167}},"s":{"0":1,"1":1,"2":1,"3":1,"4":1,"5":1,"6":1,"7":1,"8":1,"9":1,"10":1,"11":1,"12":1,"13":1,"14":1,"15":0,"16":0,"17":0,"18":0,"19":0,"20":0,"21":0,"22":0,"23":1,"24":1,"25":1,"26":1,"27":1},"f":{"0":1,"1":1,"2":0,"3":0,"4":0,"5":0,"6":0,"7":1},"b":{"0":[0,0],"1":[0,1]},"_coverageSchema":"1a1c01bbd47fc00a2c39e90264f33305004495a9","hash":"98551438f50cca7e6e53a69cfdc7d8d423f493e2"}
,"/Users/brandonnguyen/Documents/Projects/img_carousel/photo_carousel/client/components/CarouselEntryBanner.jsx": {"path":"/Users/brandonnguyen/Documents/Projects/img_carousel/photo_carousel/client/components/CarouselEntryBanner.jsx","statementMap":{"0":{"start":{"line":5,"column":16},"end":{"line":11,"column":1}},"1":{"start":{"line":13,"column":27},"end":{"line":18,"column":1}},"2":{"start":{"line":19,"column":18},"end":{"line":33,"column":1}},"3":{"start":{"line":35,"column":25},"end":{"line":43,"column":1}},"4":{"start":{"line":45,"column":22},"end":{"line":59,"column":1}},"5":{"start":{"line":61,"column":19},"end":{"line":70,"column":1}},"6":{"start":{"line":63,"column":22},"end":{"line":63,"column":81}},"7":{"start":{"line":72,"column":28},"end":{"line":100,"column":1}},"8":{"start":{"line":73,"column":46},"end":{"line":73,"column":51}},"9":{"start":{"line":74,"column":2},"end":{"line":99,"column":4}},"10":{"start":{"line":104,"column":0},"end":{"line":108,"column":2}}},"fnMap":{"0":{"name":"(anonymous_0)","decl":{"start":{"line":63,"column":10},"end":{"line":63,"column":11}},"loc":{"start":{"line":63,"column":22},"end":{"line":63,"column":81}},"line":63},"1":{"name":"(anonymous_1)","decl":{"start":{"line":72,"column":28},"end":{"line":72,"column":29}},"loc":{"start":{"line":72,"column":39},"end":{"line":100,"column":1}},"line":72}},"branchMap":{"0":{"loc":{"start":{"line":63,"column":22},"end":{"line":63,"column":81}},"type":"cond-expr","locations":[{"start":{"line":63,"column":40},"end":{"line":63,"column":58}},{"start":{"line":63,"column":61},"end":{"line":63,"column":81}}],"line":63},"1":{"loc":{"start":{"line":76,"column":7},"end":{"line":80,"column":12}},"type":"cond-expr","locations":[{"start":{"line":77,"column":8},"end":{"line":79,"column":29}},{"start":{"line":80,"column":10},"end":{"line":80,"column":12}}],"line":76}},"s":{"0":1,"1":1,"2":1,"3":1,"4":1,"5":1,"6":1,"7":1,"8":1,"9":1,"10":1},"f":{"0":1,"1":1},"b":{"0":[0,1],"1":[0,1]},"_coverageSchema":"1a1c01bbd47fc00a2c39e90264f33305004495a9","hash":"769a2435e50ec6567045db0ae032adedb6ca2649"}
,"/Users/brandonnguyen/Documents/Projects/img_carousel/photo_carousel/client/components/StayListEntry.jsx": {"path":"/Users/brandonnguyen/Documents/Projects/img_carousel/photo_carousel/client/components/StayListEntry.jsx","statementMap":{"0":{"start":{"line":5,"column":27},"end":{"line":17,"column":1}},"1":{"start":{"line":19,"column":24},"end":{"line":32,"column":1}},"2":{"start":{"line":34,"column":27},"end":{"line":43,"column":1}},"3":{"start":{"line":45,"column":12},"end":{"line":51,"column":1}},"4":{"start":{"line":53,"column":31},"end":{"line":61,"column":1}},"5":{"start":{"line":62,"column":22},"end":{"line":74,"column":1}},"6":{"start":{"line":76,"column":22},"end":{"line":87,"column":1}},"7":{"start":{"line":89,"column":24},"end":{"line":95,"column":1}},"8":{"start":{"line":99,"column":4},"end":{"line":99,"column":17}},"9":{"start":{"line":101,"column":4},"end":{"line":103,"column":6}},"10":{"start":{"line":105,"column":4},"end":{"line":105,"column":51}},"11":{"start":{"line":109,"column":39},"end":{"line":109,"column":49}},"12":{"start":{"line":110,"column":22},"end":{"line":110,"column":32}},"13":{"start":{"line":111,"column":4},"end":{"line":113,"column":7}},"14":{"start":{"line":114,"column":4},"end":{"line":114,"column":18}},"15":{"start":{"line":115,"column":4},"end":{"line":115,"column":16}},"16":{"start":{"line":119,"column":21},"end":{"line":119,"column":31}},"17":{"start":{"line":120,"column":34},"end":{"line":120,"column":38}},"18":{"start":{"line":121,"column":22},"end":{"line":121,"column":32}},"19":{"start":{"line":122,"column":4},"end":{"line":148,"column":6}},"20":{"start":{"line":154,"column":0},"end":{"line":162,"column":2}}},"fnMap":{"0":{"name":"(anonymous_0)","decl":{"start":{"line":98,"column":2},"end":{"line":98,"column":3}},"loc":{"start":{"line":98,"column":21},"end":{"line":106,"column":3}},"line":98},"1":{"name":"(anonymous_1)","decl":{"start":{"line":108,"column":2},"end":{"line":108,"column":3}},"loc":{"start":{"line":108,"column":16},"end":{"line":116,"column":3}},"line":108},"2":{"name":"(anonymous_2)","decl":{"start":{"line":118,"column":2},"end":{"line":118,"column":3}},"loc":{"start":{"line":118,"column":11},"end":{"line":149,"column":3}},"line":118}},"branchMap":{"0":{"loc":{"start":{"line":144,"column":13},"end":{"line":144,"column":61}},"type":"cond-expr","locations":[{"start":{"line":144,"column":27},"end":{"line":144,"column":42}},{"start":{"line":144,"column":45},"end":{"line":144,"column":61}}],"line":144}},"s":{"0":1,"1":1,"2":1,"3":1,"4":1,"5":1,"6":1,"7":1,"8":0,"9":0,"10":0,"11":0,"12":0,"13":0,"14":0,"15":0,"16":0,"17":0,"18":0,"19":0,"20":1},"f":{"0":0,"1":0,"2":0},"b":{"0":[0,0]},"_coverageSchema":"1a1c01bbd47fc00a2c39e90264f33305004495a9","hash":"26564200772b9e6f0cc77909a7d5ac7068cef7ae"}
,"/Users/brandonnguyen/Documents/Projects/img_carousel/photo_carousel/client/components/StayModal.jsx": {"path":"/Users/brandonnguyen/Documents/Projects/img_carousel/photo_carousel/client/components/StayModal.jsx","statementMap":{"0":{"start":{"line":7,"column":18},"end":{"line":7,"column":57}},"1":{"start":{"line":9,"column":17},"end":{"line":21,"column":1}},"2":{"start":{"line":23,"column":23},"end":{"line":44,"column":1}},"3":{"start":{"line":46,"column":15},"end":{"line":54,"column":1}},"4":{"start":{"line":56,"column":26},"end":{"line":69,"column":1}},"5":{"start":{"line":71,"column":22},"end":{"line":84,"column":1}},"6":{"start":{"line":86,"column":28},"end":{"line":95,"column":1}},"7":{"start":{"line":96,"column":19},"end":{"line":106,"column":1}},"8":{"start":{"line":108,"column":19},"end":{"line":123,"column":1}},"9":{"start":{"line":110,"column":28},"end":{"line":110,"column":71}},"10":{"start":{"line":125,"column":16},"end":{"line":134,"column":1}},"11":{"start":{"line":136,"column":19},"end":{"line":141,"column":1}},"12":{"start":{"line":143,"column":28},"end":{"line":151,"column":1}},"13":{"start":{"line":153,"column":26},"end":{"line":164,"column":1}},"14":{"start":{"line":168,"column":4},"end":{"line":168,"column":17}},"15":{"start":{"line":170,"column":4},"end":{"line":170,"column":20}},"16":{"start":{"line":172,"column":4},"end":{"line":172,"column":44}},"17":{"start":{"line":176,"column":4},"end":{"line":176,"column":35}},"18":{"start":{"line":180,"column":4},"end":{"line":180,"column":35}},"19":{"start":{"line":184,"column":49},"end":{"line":184,"column":59}},"20":{"start":{"line":185,"column":4},"end":{"line":234,"column":6}},"21":{"start":{"line":188,"column":42},"end":{"line":188,"column":61}},"22":{"start":{"line":222,"column":16},"end":{"line":227,"column":18}},"23":{"start":{"line":240,"column":0},"end":{"line":244,"column":2}}},"fnMap":{"0":{"name":"(anonymous_0)","decl":{"start":{"line":110,"column":16},"end":{"line":110,"column":17}},"loc":{"start":{"line":110,"column":28},"end":{"line":110,"column":71}},"line":110},"1":{"name":"(anonymous_1)","decl":{"start":{"line":167,"column":2},"end":{"line":167,"column":3}},"loc":{"start":{"line":167,"column":21},"end":{"line":173,"column":3}},"line":167},"2":{"name":"(anonymous_2)","decl":{"start":{"line":175,"column":2},"end":{"line":175,"column":3}},"loc":{"start":{"line":175,"column":22},"end":{"line":177,"column":3}},"line":175},"3":{"name":"(anonymous_3)","decl":{"start":{"line":179,"column":2},"end":{"line":179,"column":3}},"loc":{"start":{"line":179,"column":25},"end":{"line":181,"column":3}},"line":179},"4":{"name":"(anonymous_4)","decl":{"start":{"line":183,"column":2},"end":{"line":183,"column":3}},"loc":{"start":{"line":183,"column":11},"end":{"line":235,"column":3}},"line":183},"5":{"name":"(anonymous_5)","decl":{"start":{"line":188,"column":35},"end":{"line":188,"column":36}},"loc":{"start":{"line":188,"column":42},"end":{"line":188,"column":61}},"line":188},"6":{"name":"(anonymous_6)","decl":{"start":{"line":221,"column":28},"end":{"line":221,"column":29}},"loc":{"start":{"line":222,"column":16},"end":{"line":227,"column":18}},"line":222}},"branchMap":{"0":{"loc":{"start":{"line":110,"column":28},"end":{"line":110,"column":71}},"type":"cond-expr","locations":[{"start":{"line":110,"column":46},"end":{"line":110,"column":55}},{"start":{"line":110,"column":58},"end":{"line":110,"column":71}}],"line":110}},"s":{"0":1,"1":1,"2":1,"3":1,"4":1,"5":1,"6":1,"7":1,"8":1,"9":0,"10":1,"11":1,"12":1,"13":1,"14":0,"15":0,"16":0,"17":0,"18":0,"19":0,"20":0,"21":0,"22":0,"23":1},"f":{"0":0,"1":0,"2":0,"3":0,"4":0,"5":0,"6":0},"b":{"0":[0,0]},"_coverageSchema":"1a1c01bbd47fc00a2c39e90264f33305004495a9","hash":"98b4b9f42db7dca19baca6cb831ae8b5107e34da"}
}
