TN:
SF:client/components/App.jsx
FN:29,(anonymous_0)
FN:46,(anonymous_1)
FN:50,(anonymous_2)
FN:53,(anonymous_3)
FN:58,(anonymous_4)
FN:61,(anonymous_5)
FN:87,(anonymous_6)
FNF:7
FNH:4
FNDA:1,(anonymous_0)
FNDA:1,(anonymous_1)
FNDA:1,(anonymous_2)
FNDA:0,(anonymous_3)
FNDA:0,(anonymous_4)
FNDA:0,(anonymous_5)
FNDA:1,(anonymous_6)
DA:8,1
DA:15,1
DA:30,1
DA:32,1
DA:34,1
DA:42,1
DA:43,1
DA:47,1
DA:51,1
DA:52,1
DA:53,0
DA:58,0
DA:62,0
DA:63,0
DA:64,0
DA:65,0
DA:66,0
DA:70,0
DA:74,0
DA:75,0
DA:76,0
DA:80,0
DA:90,1
DA:92,1
DA:93,1
DA:98,0
DA:120,1
LF:27
LH:14
BRDA:64,0,0,0
BRDA:64,0,1,0
BRDA:65,1,0,0
BRDA:65,1,1,0
BRDA:74,2,0,0
BRDA:74,2,1,0
BRDA:75,3,0,0
BRDA:75,3,1,0
BRDA:92,4,0,1
BRDA:92,4,1,0
BRF:10
BRH:1
end_of_record
TN:
SF:client/components/Banner.jsx
FN:85,(anonymous_0)
FN:91,(anonymous_1)
FN:96,(anonymous_2)
FN:102,(anonymous_3)
FN:113,(anonymous_4)
FNF:5
FNH:2
FNDA:1,(anonymous_0)
FNDA:0,(anonymous_1)
FNDA:1,(anonymous_2)
FNDA:0,(anonymous_3)
FNDA:0,(anonymous_4)
DA:5,1
DA:14,1
DA:28,1
DA:40,1
DA:71,1
DA:78,1
DA:86,1
DA:88,1
DA:92,0
DA:93,0
DA:97,1
DA:98,1
DA:102,0
DA:113,0
DA:131,1
LF:15
LH:11
BRF:0
BRH:0
end_of_record
TN:
SF:client/components/Carousel.jsx
FN:28,(anonymous_0)
FN:34,(anonymous_1)
FN:41,(anonymous_2)
FNF:3
FNH:3
FNDA:1,(anonymous_0)
FNDA:1,(anonymous_1)
FNDA:1,(anonymous_2)
DA:6,1
DA:18,1
DA:29,1
DA:31,1
DA:37,1
DA:38,1
DA:42,1
DA:57,1
LF:8
LH:8
BRF:0
BRH:0
end_of_record
TN:
SF:client/components/CarouselEntry.jsx
FN:29,(anonymous_0)
FN:66,(anonymous_1)
FN:81,(anonymous_2)
FN:90,(anonymous_3)
FN:94,(anonymous_4)
FN:98,(anonymous_5)
FN:102,(anonymous_6)
FN:106,(anonymous_7)
FNF:8
FNH:3
FNDA:1,(anonymous_0)
FNDA:1,(anonymous_1)
FNDA:0,(anonymous_2)
FNDA:0,(anonymous_3)
FNDA:0,(anonymous_4)
FNDA:0,(anonymous_5)
FNDA:0,(anonymous_6)
FNDA:1,(anonymous_7)
DA:7,1
DA:13,1
DA:17,1
DA:29,1
DA:33,1
DA:41,1
DA:49,1
DA:54,1
DA:67,1
DA:69,1
DA:74,1
DA:75,1
DA:76,1
DA:77,1
DA:78,1
DA:82,0
DA:83,0
DA:84,0
DA:86,0
DA:91,0
DA:95,0
DA:99,0
DA:103,0
DA:111,1
DA:122,1
DA:124,1
DA:125,1
DA:181,1
LF:28
LH:20
BRDA:83,0,0,0
BRDA:83,0,1,0
BRDA:167,1,0,0
BRDA:167,1,1,1
BRF:4
BRH:1
end_of_record
TN:
SF:client/components/CarouselEntryBanner.jsx
FN:63,(anonymous_0)
FN:72,(anonymous_1)
FNF:2
FNH:2
FNDA:1,(anonymous_0)
FNDA:1,(anonymous_1)
DA:5,1
DA:13,1
DA:19,1
DA:35,1
DA:45,1
DA:61,1
DA:63,1
DA:72,1
DA:73,1
DA:74,1
DA:104,1
LF:11
LH:11
BRDA:63,0,0,0
BRDA:63,0,1,1
BRDA:76,1,0,0
BRDA:76,1,1,1
BRF:4
BRH:2
end_of_record
TN:
SF:client/components/StayListEntry.jsx
FN:98,(anonymous_0)
FN:108,(anonymous_1)
FN:118,(anonymous_2)
FNF:3
FNH:0
FNDA:0,(anonymous_0)
FNDA:0,(anonymous_1)
FNDA:0,(anonymous_2)
DA:5,1
DA:19,1
DA:34,1
DA:45,1
DA:53,1
DA:62,1
DA:76,1
DA:89,1
DA:99,0
DA:101,0
DA:105,0
DA:109,0
DA:110,0
DA:111,0
DA:114,0
DA:115,0
DA:119,0
DA:120,0
DA:121,0
DA:122,0
DA:154,1
LF:21
LH:9
BRDA:144,0,0,0
BRDA:144,0,1,0
BRF:2
BRH:0
end_of_record
TN:
SF:client/components/StayModal.jsx
FN:110,(anonymous_0)
FN:167,(anonymous_1)
FN:175,(anonymous_2)
FN:179,(anonymous_3)
FN:183,(anonymous_4)
FN:188,(anonymous_5)
FN:221,(anonymous_6)
FNF:7
FNH:0
FNDA:0,(anonymous_0)
FNDA:0,(anonymous_1)
FNDA:0,(anonymous_2)
FNDA:0,(anonymous_3)
FNDA:0,(anonymous_4)
FNDA:0,(anonymous_5)
FNDA:0,(anonymous_6)
DA:7,1
DA:9,1
DA:23,1
DA:46,1
DA:56,1
DA:71,1
DA:86,1
DA:96,1
DA:108,1
DA:110,0
DA:125,1
DA:136,1
DA:143,1
DA:153,1
DA:168,0
DA:170,0
DA:172,0
DA:176,0
DA:180,0
DA:184,0
DA:185,0
DA:188,0
DA:222,0
DA:240,1
LF:24
LH:14
BRDA:110,0,0,0
BRDA:110,0,1,0
BRF:2
BRH:0
end_of_record
